21:14:42 **** Incremental Build of configuration Debug for project RF24Kevin ****
make all 
Building file: ../src/main.cpp
Using built-in specs.
COLLECT_GCC=avr-g++
Target: avr
Invoking: AVR C++ Compiler
Configured with: ../configure --prefix=/usr/local/CrossPack-AVR-20131216 --disable-dependency-tracking --disable-nls --disable-werror --target=avr --enable-languages=c,c++ --disable-libssp --disable-libada --with-dwarf2 --disable-shared --with-avrlibc=yes --with-gmp=/Users/cs/Developer/Repos/Microcontroller/CrossPack-AVR/temporary-install --with-mpfr=/Users/cs/Developer/Repos/Microcontroller/CrossPack-AVR/temporary-install --with-mpc=/Users/cs/Developer/Repos/Microcontroller/CrossPack-AVR/temporary-install
Thread model: single
avr-g++ -I"/Users/banerjees/workspace/avr/eclipse/RF24Kevin" -I"/Users/banerjees/workspace/avr/eclipse/RF24Kevin/includes" -I/Applications/Arduino.app/Contents/Resources/Java/hardware/arduino/variants/standard -I/Applications/Arduino.app/Contents/Resources/Java/hardware/arduino/cores/arduino -I/Applications/Arduino.app/Contents/Resources/Java/hardware/arduino/cores/arduino/avr-libc -I/Applications/Arduino.app/Contents/Resources/Java/libraries/SoftwareSerial -I/Applications/Arduino.app/Contents/Resources/Java/libraries/SPI -Wall -g2 -gstabs -Os -fpack-struct -fshort-enums -ffunction-sections -fdata-sections -funsigned-char -funsigned-bitfields -fno-exceptions -v -DARDUINO=106 -mmcu=atmega328p -DF_CPU=1600000UL -MMD -MP -MF"src/main.d" -MT"src/main.d" -c -o "src/main.o" "../src/main.cpp"
gcc version 4.8.1 (GCC) 
COLLECT_GCC_OPTIONS='-I' '/Users/banerjees/workspace/avr/eclipse/RF24Kevin' '-I' '/Users/banerjees/workspace/avr/eclipse/RF24Kevin/includes' '-I' '/Applications/Arduino.app/Contents/Resources/Java/hardware/arduino/variants/standard' '-I' '/Applications/Arduino.app/Contents/Resources/Java/hardware/arduino/cores/arduino' '-I' '/Applications/Arduino.app/Contents/Resources/Java/hardware/arduino/cores/arduino/avr-libc' '-I' '/Applications/Arduino.app/Contents/Resources/Java/libraries/SoftwareSerial' '-I' '/Applications/Arduino.app/Contents/Resources/Java/libraries/SPI' '-Wall' '-g2' '-gstabs' '-Os' '-fpack-struct' '-fshort-enums' '-ffunction-sections' '-fdata-sections' '-funsigned-char' '-funsigned-bitfields' '-fno-exceptions' '-v' '-D' 'ARDUINO=106' '-mmcu=atmega328p' '-D' 'F_CPU=1600000UL' '-MMD' '-MP' '-MF' 'src/main.d' '-MT' 'src/main.d' '-c' '-o' 'src/main.o'
 /usr/local/CrossPack-AVR-20131216/libexec/gcc/avr/4.8.1/cc1plus -quiet -v -I /Users/banerjees/workspace/avr/eclipse/RF24Kevin -I /Users/banerjees/workspace/avr/eclipse/RF24Kevin/includes -I /Applications/Arduino.app/Contents/Resources/Java/hardware/arduino/variants/standard -I /Applications/Arduino.app/Contents/Resources/Java/hardware/arduino/cores/arduino -I /Applications/Arduino.app/Contents/Resources/Java/hardware/arduino/cores/arduino/avr-libc -I /Applications/Arduino.app/Contents/Resources/Java/libraries/SoftwareSerial -I /Applications/Arduino.app/Contents/Resources/Java/libraries/SPI -imultilib avr5 -MMD src/main.d -MF src/main.d -MP -MT src/main.d -D ARDUINO=106 -D F_CPU=1600000UL ../src/main.cpp -quiet -dumpbase main.cpp -mmcu=atmega328p -auxbase-strip src/main.o -g2 -gstabs -Os -Wall -version -fpack-struct -fshort-enums -ffunction-sections -fdata-sections -funsigned-char -funsigned-bitfields -fno-exceptions -fno-rtti -fno-enforce-eh-specs -fno-exceptions -o /var/folders/s9/ptxrsh0n39g8r1f68zk4lg780028n4/T//ccuJfRJk.s
GNU C++ (GCC) version 4.8.1 (avr)
	compiled by GNU C version 4.2.1 Compatible Apple LLVM 5.0 (clang-500.2.78), GMP version 4.3.2, MPFR version 3.1.2, MPC version 1.0
GGC heuristics: --param ggc-min-expand=100 --param ggc-min-heapsize=131072
ignoring nonexistent directory "/usr/local/CrossPack-AVR-20131216/lib/gcc/avr/4.8.1/../../../../avr/include/c++/4.8.1"
ignoring nonexistent directory "/usr/local/CrossPack-AVR-20131216/lib/gcc/avr/4.8.1/../../../../avr/include/c++/4.8.1/avr/avr5"
ignoring nonexistent directory "/usr/local/CrossPack-AVR-20131216/lib/gcc/avr/4.8.1/../../../../avr/include/c++/4.8.1/backward"
ignoring nonexistent directory "/usr/local/CrossPack-AVR-20131216/lib/gcc/avr/4.8.1/../../../../avr/sys-include"
#include "..." search starts here:
#include <...> search starts here:
 /Users/banerjees/workspace/avr/eclipse/RF24Kevin
 /Users/banerjees/workspace/avr/eclipse/RF24Kevin/includes
 /Applications/Arduino.app/Contents/Resources/Java/hardware/arduino/variants/standard
 /Applications/Arduino.app/Contents/Resources/Java/hardware/arduino/cores/arduino
 /Applications/Arduino.app/Contents/Resources/Java/hardware/arduino/cores/arduino/avr-libc
 /Applications/Arduino.app/Contents/Resources/Java/libraries/SoftwareSerial
 /Applications/Arduino.app/Contents/Resources/Java/libraries/SPI
 /usr/local/CrossPack-AVR-20131216/lib/gcc/avr/4.8.1/include
 /usr/local/CrossPack-AVR-20131216/lib/gcc/avr/4.8.1/include-fixed
 /usr/local/CrossPack-AVR-20131216/lib/gcc/avr/4.8.1/../../../../avr/include
End of search list.
GNU C++ (GCC) version 4.8.1 (avr)
	compiled by GNU C version 4.2.1 Compatible Apple LLVM 5.0 (clang-500.2.78), GMP version 4.3.2, MPFR version 3.1.2, MPC version 1.0
GGC heuristics: --param ggc-min-expand=100 --param ggc-min-heapsize=131072
Compiler executable checksum: 2d0c7de82c6c56fe09b26a8795273e50
../src/main.cpp: In function 'void NRF_get_address(byte, byte)':
../src/main.cpp:402:40: warning: left operand of comma operator has no effect [-Wunused-value]
    if(bitRead(data_in[1],1)&&(data_in[1],2)&&(data_in[1],3))
                                        ^
../src/main.cpp:402:56: warning: left operand of comma operator has no effect [-Wunused-value]
    if(bitRead(data_in[1],1)&&(data_in[1],2)&&(data_in[1],3))
                                                        ^
../src/main.cpp: In function 'byte NRFpinread(byte)':
../src/main.cpp:295:1: warning: control reaches end of non-void function [-Wreturn-type]
 }//  END pinread  END pinread  END pinread  END pinread  END pinread  END pinread  END pinread  END pinread
 ^
COLLECT_GCC_OPTIONS='-I' '/Users/banerjees/workspace/avr/eclipse/RF24Kevin' '-I' '/Users/banerjees/workspace/avr/eclipse/RF24Kevin/includes' '-I' '/Applications/Arduino.app/Contents/Resources/Java/hardware/arduino/variants/standard' '-I' '/Applications/Arduino.app/Contents/Resources/Java/hardware/arduino/cores/arduino' '-I' '/Applications/Arduino.app/Contents/Resources/Java/hardware/arduino/cores/arduino/avr-libc' '-I' '/Applications/Arduino.app/Contents/Resources/Java/libraries/SoftwareSerial' '-I' '/Applications/Arduino.app/Contents/Resources/Java/libraries/SPI' '-Wall' '-g2' '-gstabs' '-Os' '-fpack-struct' '-fshort-enums' '-ffunction-sections' '-fdata-sections' '-funsigned-char' '-funsigned-bitfields' '-fno-exceptions' '-v' '-D' 'ARDUINO=106' '-mmcu=atmega328p' '-D' 'F_CPU=1600000UL' '-MMD' '-MP' '-MF' 'src/main.d' '-MT' 'src/main.d' '-c' '-o' 'src/main.o'
 /usr/local/CrossPack-AVR-20131216/lib/gcc/avr/4.8.1/../../../../avr/bin/as -mmcu=avr5 -mno-skip-bug -o src/main.o /var/folders/s9/ptxrsh0n39g8r1f68zk4lg780028n4/T//ccuJfRJk.s
COMPILER_PATH=/usr/local/CrossPack-AVR-20131216/libexec/gcc/avr/4.8.1/:/usr/local/CrossPack-AVR-20131216/libexec/gcc/avr/4.8.1/:/usr/local/CrossPack-AVR-20131216/libexec/gcc/avr/:/usr/local/CrossPack-AVR-20131216/lib/gcc/avr/4.8.1/:/usr/local/CrossPack-AVR-20131216/lib/gcc/avr/:/usr/local/CrossPack-AVR-20131216/lib/gcc/avr/4.8.1/../../../../avr/bin/
LIBRARY_PATH=/usr/local/CrossPack-AVR-20131216/lib/gcc/avr/4.8.1/avr5/:/usr/local/CrossPack-AVR-20131216/lib/gcc/avr/4.8.1/../../../../avr/lib/avr5/:/usr/local/CrossPack-AVR-20131216/lib/gcc/avr/4.8.1/:/usr/local/CrossPack-AVR-20131216/lib/gcc/avr/4.8.1/../../../../avr/lib/
COLLECT_GCC_OPTIONS='-I' '/Users/banerjees/workspace/avr/eclipse/RF24Kevin' '-I' '/Users/banerjees/workspace/avr/eclipse/RF24Kevin/includes' '-I' '/Applications/Arduino.app/Contents/Resources/Java/hardware/arduino/variants/standard' '-I' '/Applications/Arduino.app/Contents/Resources/Java/hardware/arduino/cores/arduino' '-I' '/Applications/Arduino.app/Contents/Resources/Java/hardware/arduino/cores/arduino/avr-libc' '-I' '/Applications/Arduino.app/Contents/Resources/Java/libraries/SoftwareSerial' '-I' '/Applications/Arduino.app/Contents/Resources/Java/libraries/SPI' '-Wall' '-g2' '-gstabs' '-Os' '-fpack-struct' '-fshort-enums' '-ffunction-sections' '-fdata-sections' '-funsigned-char' '-funsigned-bitfields' '-fno-exceptions' '-v' '-D' 'ARDUINO=106' '-mmcu=atmega328p' '-D' 'F_CPU=1600000UL' '-MMD' '-MP' '-MF' 'src/main.d' '-MT' 'src/main.d' '-c' '-o' 'src/main.o'
Finished building: ../src/main.cpp
 
Building target: RF24Kevin.elf
Invoking: AVR C++ Linker
avr-g++ -s -Os -o"RF24Kevin.elf"  ./src/main.o   -lEclipse_ArduinoCoreLib -lm -lm -Wl,-Map,RF24Kevin.map,--cref -mrelax -Wl,--gc-sections -L"/Users/banerjees/workspace/avr/Eclipse_ArduinoCoreLib/Debug" -mmcu=atmega328p
Finished building target: RF24Kevin.elf
 
Invoking: AVR Create Extended Listing
avr-objdump -h -S RF24Kevin.elf  >"RF24Kevin.lss"
Finished building: RF24Kevin.lss
 
Create Flash image (ihex format)
avr-objcopy -R .eeprom -R .fuse -R .lock -R .signature -O ihex RF24Kevin.elf  "RF24Kevin.hex"
Finished building: RF24Kevin.hex
 
Create eeprom image (ihex format)
avr-objcopy -j .eeprom --no-change-warnings --change-section-lma .eeprom=0 -O ihex RF24Kevin.elf  "RF24Kevin.eep"
Finished building: RF24Kevin.eep
 
Invoking: Print Size
avr-size --format=avr --mcu=atmega328p RF24Kevin.elf
AVR Memory Usage
----------------
Device: atmega328p

Program:    7842 bytes (23.9% Full)
(.text + .data + .bootloader)

Data:       2056 bytes (100.4% Full)
(.data + .bss + .noinit)


Finished building: sizedummy
 

21:14:43 Build Finished (took 335ms)

