14:57:32 **** Incremental Build of configuration Debug for project BlinkAvrExample ****
make all 
Invoking: Print Size
avr-size --format=avr --mcu=atmega328p BlinkAvrExample.elf
AVR Memory Usage
----------------
Device: atmega328p

Program:    1060 bytes (3.2% Full)
(.text + .data + .bootloader)

Data:         11 bytes (0.5% Full)
(.data + .bss + .noinit)


Finished building: sizedummy
 
Invoking: AVRDude
/usr/bin/avrdude -pm328p -carduino -P/dev/ttyUSB0 -b57600 -D -v -v -v -v -Uflash:w:BlinkAvrExample.hex:a

avrdude: Version 6.1, compiled on Nov 23 2014 at 21:15:32
         Copyright (c) 2000-2005 Brian Dean, http://www.bdmicro.com/
         Copyright (c) 2007-2014 Joerg Wunsch

         System wide configuration file is "/etc/avrdude.conf"
         User configuration file is "/home/sujeet/.avrduderc"
         User configuration file does not exist or is not a regular file, skipping

         Using Port                    : /dev/ttyUSB0
         Using Programmer              : arduino
         Overriding Baud Rate          : 57600
avrdude: Send: 0 [30]   [20] 
avrdude: Send: 0 [30]   [20] 
avrdude: Send: 0 [30]   [20] 
avrdude: Recv: . [e0] 
avrdude: stk500_getsync() attempt 1 of 10: not in sync: resp=0xe0
avrdude: Send: 0 [30]   [20] 
avrdude: Recv: . [00] 
avrdude: stk500_getsync() attempt 2 of 10: not in sync: resp=0x00
avrdude: Send: 0 [30]   [20] 
avrdude: Recv: . [e0] 
avrdude: stk500_getsync() attempt 3 of 10: not in sync: resp=0xe0
avrdude: Send: 0 [30]   [20] 
avrdude: Recv: . [e0] 
avrdude: stk500_getsync() attempt 4 of 10: not in sync: resp=0xe0
avrdude: Send: 0 [30]   [20] 
avrdude: Recv: . [e0] 
avrdude: stk500_getsync() attempt 5 of 10: not in sync: resp=0xe0
avrdude: Send: 0 [30]   [20] 
avrdude: Recv: . [00] 
avrdude: stk500_getsync() attempt 6 of 10: not in sync: resp=0x00
avrdude: Send: 0 [30]   [20] 
avrdude: Recv: . [e0] 
avrdude: stk500_getsync() attempt 7 of 10: not in sync: resp=0xe0
avrdude: Send: 0 [30]   [20] 
avrdude: Recv: . [00] 
avrdude: stk500_getsync() attempt 8 of 10: not in sync: resp=0x00
avrdude: Send: 0 [30]   [20] 
avrdude: Recv: . [e0] 
avrdude: stk500_getsync() attempt 9 of 10: not in sync: resp=0xe0
avrdude: Send: 0 [30]   [20] 
avrdude: Recv: . [e0] 
avrdude: stk500_getsync() attempt 10 of 10: not in sync: resp=0xe0

avrdude done.  Thank you.

make: *** [avrdudedummy] Error 1

14:57:35 Build Finished (took 2s.919ms)

