16:44:27 **** Incremental Build of configuration Debug for project TestEsp8266 ****
Info: Configuration "Debug" uses tool-chain "MinGW GCC" that is unsupported on this system, attempting to build anyway.
make all 
Building file: /media/sujeet/devmain_74GB/dev/tools/arduino-1.6.7/hardware/esp8266com/esp8266/variants/wifio/WifioWiring.cpp
Invoking: GCC C++ Compiler
/media/sujeet/devmain_74GB/dev/tools/arduino-1.6.7/hardware/esp8266com/esp8266/tools/xtensa-lx106-elf/bin/xtensa-lx106-elf-g++ -I"/media/sujeet/devmain_74GB/dev/tools/arduino-1.6.7/hardware/esp8266com/esp8266/libraries/ESP8266WiFi/src" -I"/media/sujeet/devmain_74GB/dev/tools/arduino-1.6.7/hardware/esp8266com/esp8266/tools/sdk/include" -I"/media/sujeet/devmain_74GB/dev/tools/arduino-1.6.7/hardware/esp8266com/esp8266/tools/sdk/include/json" -I"/media/sujeet/devmain_74GB/dev/tools/arduino-1.6.7/hardware/esp8266com/esp8266/cores/esp8266" -I"/media/sujeet/devmain_74GB/dev/tools/arduino-1.6.7/hardware/esp8266com/esp8266/cores/esp8266/libb64" -I"/media/sujeet/devmain_74GB/dev/tools/arduino-1.6.7/hardware/esp8266com/esp8266/cores/esp8266/spiffs" -I"/media/sujeet/devmain_74GB/dev/tools/arduino-1.6.7/hardware/esp8266com/esp8266/cores/esp8266/umm_malloc" -I"/media/sujeet/devmain_74GB/dev/tools/arduino-1.6.7/hardware/esp8266com/esp8266/libraries/ESP8266WiFi/src/include" -I"/media/sujeet/devmain_74GB/dev/tools/arduino-1.6.7/hardware/esp8266com/esp8266/variants/nodemcu" -I"/media/sujeet/devmain_74GB/dev/tools/arduino-1.6.7/hardware/esp8266com/esp8266/variants/generic" -O0 -g3 -Wall -c -fmessage-length=0 -v -MMD -MP -MF"variants/wifio/WifioWiring.d" -MT"variants/wifio/WifioWiring.o" -o "variants/wifio/WifioWiring.o" "/media/sujeet/devmain_74GB/dev/tools/arduino-1.6.7/hardware/esp8266com/esp8266/variants/wifio/WifioWiring.cpp"
Using built-in specs.
COLLECT_GCC=/media/sujeet/devmain_74GB/dev/tools/arduino-1.6.7/hardware/esp8266com/esp8266/tools/xtensa-lx106-elf/bin/xtensa-lx106-elf-g++
Target: xtensa-lx106-elf
Configured with: /home/igrokhotkov/xtensa/crosstool-NG/.build/src/gcc-4.8.2/configure --build=x86_64-build_unknown-linux-gnu --host=x86_64-build_unknown-linux-gnu --target=xtensa-lx106-elf --prefix=/home/igrokhotkov/xtensa/crosstool-NG/builds/xtensa-lx106-elf --with-local-prefix=/home/igrokhotkov/xtensa/crosstool-NG/builds/xtensa-lx106-elf/xtensa-lx106-elf/sysroot --disable-libmudflap --with-sysroot=/home/igrokhotkov/xtensa/crosstool-NG/builds/xtensa-lx106-elf/xtensa-lx106-elf/sysroot --with-newlib --enable-threads=no --disable-shared --with-pkgversion='crosstool-NG 1.20.0' --disable-__cxa_atexit --with-gmp=/home/igrokhotkov/xtensa/crosstool-NG/.build/xtensa-lx106-elf/buildtools --with-mpfr=/home/igrokhotkov/xtensa/crosstool-NG/.build/xtensa-lx106-elf/buildtools --with-mpc=/home/igrokhotkov/xtensa/crosstool-NG/.build/xtensa-lx106-elf/buildtools --with-isl=/home/igrokhotkov/xtensa/crosstool-NG/.build/xtensa-lx106-elf/buildtools --with-cloog=/home/igrokhotkov/xtensa/crosstool-NG/.build/xtensa-lx106-elf/buildtools --with-libelf=/home/igrokhotkov/xtensa/crosstool-NG/.build/xtensa-lx106-elf/buildtools --enable-lto --enable-target-optspace --disable-libgomp --disable-libmudflap --disable-nls --disable-multilib --enable-languages=c,c++
Thread model: single
gcc version 4.8.2 (crosstool-NG 1.20.0) 
COLLECT_GCC_OPTIONS='-I' '/media/sujeet/devmain_74GB/dev/tools/arduino-1.6.7/hardware/esp8266com/esp8266/libraries/ESP8266WiFi/src' '-I' '/media/sujeet/devmain_74GB/dev/tools/arduino-1.6.7/hardware/esp8266com/esp8266/tools/sdk/include' '-I' '/media/sujeet/devmain_74GB/dev/tools/arduino-1.6.7/hardware/esp8266com/esp8266/tools/sdk/include/json' '-I' '/media/sujeet/devmain_74GB/dev/tools/arduino-1.6.7/hardware/esp8266com/esp8266/cores/esp8266' '-I' '/media/sujeet/devmain_74GB/dev/tools/arduino-1.6.7/hardware/esp8266com/esp8266/cores/esp8266/libb64' '-I' '/media/sujeet/devmain_74GB/dev/tools/arduino-1.6.7/hardware/esp8266com/esp8266/cores/esp8266/spiffs' '-I' '/media/sujeet/devmain_74GB/dev/tools/arduino-1.6.7/hardware/esp8266com/esp8266/cores/esp8266/umm_malloc' '-I' '/media/sujeet/devmain_74GB/dev/tools/arduino-1.6.7/hardware/esp8266com/esp8266/libraries/ESP8266WiFi/src/include' '-I' '/media/sujeet/devmain_74GB/dev/tools/arduino-1.6.7/hardware/esp8266com/esp8266/variants/nodemcu' '-I' '/media/sujeet/devmain_74GB/dev/tools/arduino-1.6.7/hardware/esp8266com/esp8266/variants/generic' '-O0' '-g3' '-Wall' '-c' '-fmessage-length=0' '-v' '-MMD' '-MP' '-MF' 'variants/wifio/WifioWiring.d' '-MT' 'variants/wifio/WifioWiring.o' '-o' 'variants/wifio/WifioWiring.o'
 /media/sujeet/devmain_74GB/dev/tools/arduino-1.6.7/hardware/esp8266com/esp8266/tools/xtensa-lx106-elf/bin/../libexec/gcc/xtensa-lx106-elf/4.8.2/cc1plus -quiet -v -I /media/sujeet/devmain_74GB/dev/tools/arduino-1.6.7/hardware/esp8266com/esp8266/libraries/ESP8266WiFi/src -I /media/sujeet/devmain_74GB/dev/tools/arduino-1.6.7/hardware/esp8266com/esp8266/tools/sdk/include -I /media/sujeet/devmain_74GB/dev/tools/arduino-1.6.7/hardware/esp8266com/esp8266/tools/sdk/include/json -I /media/sujeet/devmain_74GB/dev/tools/arduino-1.6.7/hardware/esp8266com/esp8266/cores/esp8266 -I /media/sujeet/devmain_74GB/dev/tools/arduino-1.6.7/hardware/esp8266com/esp8266/cores/esp8266/libb64 -I /media/sujeet/devmain_74GB/dev/tools/arduino-1.6.7/hardware/esp8266com/esp8266/cores/esp8266/spiffs -I /media/sujeet/devmain_74GB/dev/tools/arduino-1.6.7/hardware/esp8266com/esp8266/cores/esp8266/umm_malloc -I /media/sujeet/devmain_74GB/dev/tools/arduino-1.6.7/hardware/esp8266com/esp8266/libraries/ESP8266WiFi/src/include -I /media/sujeet/devmain_74GB/dev/tools/arduino-1.6.7/hardware/esp8266com/esp8266/variants/nodemcu -I /media/sujeet/devmain_74GB/dev/tools/arduino-1.6.7/hardware/esp8266com/esp8266/variants/generic -iprefix /media/sujeet/devmain_74GB/dev/tools/arduino-1.6.7/hardware/esp8266com/esp8266/tools/xtensa-lx106-elf/bin/../lib/gcc/xtensa-lx106-elf/4.8.2/ -isysroot /media/sujeet/devmain_74GB/dev/tools/arduino-1.6.7/hardware/esp8266com/esp8266/tools/xtensa-lx106-elf/bin/../xtensa-lx106-elf/sysroot -MMD variants/wifio/WifioWiring.d -MF variants/wifio/WifioWiring.d -MP -MT variants/wifio/WifioWiring.o -dD /media/sujeet/devmain_74GB/dev/tools/arduino-1.6.7/hardware/esp8266com/esp8266/variants/wifio/WifioWiring.cpp -quiet -dumpbase WifioWiring.cpp -auxbase-strip variants/wifio/WifioWiring.o -g3 -O0 -Wall -version -fmessage-length=0 -o /tmp/ccRFfApb.s
GNU C++ (crosstool-NG 1.20.0) version 4.8.2 (xtensa-lx106-elf)
	compiled by GNU C version 4.4.7 20120313 (Red Hat 4.4.7-4), GMP version 5.1.3, MPFR version 3.1.2, MPC version 1.0.2
GGC heuristics: --param ggc-min-expand=100 --param ggc-min-heapsize=131072
ignoring duplicate directory "/media/sujeet/devmain_74GB/dev/tools/arduino-1.6.7/hardware/esp8266com/esp8266/tools/xtensa-lx106-elf/bin/../lib/gcc/../../lib/gcc/xtensa-lx106-elf/4.8.2/../../../../xtensa-lx106-elf/include/c++/4.8.2"
ignoring duplicate directory "/media/sujeet/devmain_74GB/dev/tools/arduino-1.6.7/hardware/esp8266com/esp8266/tools/xtensa-lx106-elf/bin/../lib/gcc/../../lib/gcc/xtensa-lx106-elf/4.8.2/../../../../xtensa-lx106-elf/include/c++/4.8.2/xtensa-lx106-elf"
ignoring duplicate directory "/media/sujeet/devmain_74GB/dev/tools/arduino-1.6.7/hardware/esp8266com/esp8266/tools/xtensa-lx106-elf/bin/../lib/gcc/../../lib/gcc/xtensa-lx106-elf/4.8.2/../../../../xtensa-lx106-elf/include/c++/4.8.2/backward"
ignoring duplicate directory "/media/sujeet/devmain_74GB/dev/tools/arduino-1.6.7/hardware/esp8266com/esp8266/tools/xtensa-lx106-elf/bin/../lib/gcc/../../lib/gcc/xtensa-lx106-elf/4.8.2/include"
ignoring nonexistent directory "/media/sujeet/devmain_74GB/dev/tools/arduino-1.6.7/hardware/esp8266com/esp8266/tools/xtensa-lx106-elf/bin/../xtensa-lx106-elf/sysroot/home/igrokhotkov/xtensa/crosstool-NG/builds/xtensa-lx106-elf/xtensa-lx106-elf/sysroot/include"
ignoring duplicate directory "/media/sujeet/devmain_74GB/dev/tools/arduino-1.6.7/hardware/esp8266com/esp8266/tools/xtensa-lx106-elf/bin/../lib/gcc/../../lib/gcc/xtensa-lx106-elf/4.8.2/include-fixed"
ignoring duplicate directory "/media/sujeet/devmain_74GB/dev/tools/arduino-1.6.7/hardware/esp8266com/esp8266/tools/xtensa-lx106-elf/bin/../lib/gcc/../../lib/gcc/xtensa-lx106-elf/4.8.2/../../../../xtensa-lx106-elf/include"
#include "..." search starts here:
#include <...> search starts here:
 /media/sujeet/devmain_74GB/dev/tools/arduino-1.6.7/hardware/esp8266com/esp8266/libraries/ESP8266WiFi/src
 /media/sujeet/devmain_74GB/dev/tools/arduino-1.6.7/hardware/esp8266com/esp8266/tools/sdk/include
 /media/sujeet/devmain_74GB/dev/tools/arduino-1.6.7/hardware/esp8266com/esp8266/tools/sdk/include/json
 /media/sujeet/devmain_74GB/dev/tools/arduino-1.6.7/hardware/esp8266com/esp8266/cores/esp8266
 /media/sujeet/devmain_74GB/dev/tools/arduino-1.6.7/hardware/esp8266com/esp8266/cores/esp8266/libb64
 /media/sujeet/devmain_74GB/dev/tools/arduino-1.6.7/hardware/esp8266com/esp8266/cores/esp8266/spiffs
 /media/sujeet/devmain_74GB/dev/tools/arduino-1.6.7/hardware/esp8266com/esp8266/cores/esp8266/umm_malloc
 /media/sujeet/devmain_74GB/dev/tools/arduino-1.6.7/hardware/esp8266com/esp8266/libraries/ESP8266WiFi/src/include
 /media/sujeet/devmain_74GB/dev/tools/arduino-1.6.7/hardware/esp8266com/esp8266/variants/nodemcu
 /media/sujeet/devmain_74GB/dev/tools/arduino-1.6.7/hardware/esp8266com/esp8266/variants/generic
 /media/sujeet/devmain_74GB/dev/tools/arduino-1.6.7/hardware/esp8266com/esp8266/tools/xtensa-lx106-elf/bin/../lib/gcc/xtensa-lx106-elf/4.8.2/../../../../xtensa-lx106-elf/include/c++/4.8.2
 /media/sujeet/devmain_74GB/dev/tools/arduino-1.6.7/hardware/esp8266com/esp8266/tools/xtensa-lx106-elf/bin/../lib/gcc/xtensa-lx106-elf/4.8.2/../../../../xtensa-lx106-elf/include/c++/4.8.2/xtensa-lx106-elf
 /media/sujeet/devmain_74GB/dev/tools/arduino-1.6.7/hardware/esp8266com/esp8266/tools/xtensa-lx106-elf/bin/../lib/gcc/xtensa-lx106-elf/4.8.2/../../../../xtensa-lx106-elf/include/c++/4.8.2/backward
 /media/sujeet/devmain_74GB/dev/tools/arduino-1.6.7/hardware/esp8266com/esp8266/tools/xtensa-lx106-elf/bin/../lib/gcc/xtensa-lx106-elf/4.8.2/include
 /media/sujeet/devmain_74GB/dev/tools/arduino-1.6.7/hardware/esp8266com/esp8266/tools/xtensa-lx106-elf/bin/../lib/gcc/xtensa-lx106-elf/4.8.2/include-fixed
 /media/sujeet/devmain_74GB/dev/tools/arduino-1.6.7/hardware/esp8266com/esp8266/tools/xtensa-lx106-elf/bin/../lib/gcc/xtensa-lx106-elf/4.8.2/../../../../xtensa-lx106-elf/include
 /media/sujeet/devmain_74GB/dev/tools/arduino-1.6.7/hardware/esp8266com/esp8266/tools/xtensa-lx106-elf/bin/../xtensa-lx106-elf/sysroot/usr/include
End of search list.
GNU C++ (crosstool-NG 1.20.0) version 4.8.2 (xtensa-lx106-elf)
	compiled by GNU C version 4.4.7 20120313 (Red Hat 4.4.7-4), GMP version 5.1.3, MPFR version 3.1.2, MPC version 1.0.2
GGC heuristics: --param ggc-min-expand=100 --param ggc-min-heapsize=131072
Compiler executable checksum: 8204f5d9b80f8b951c197b8339fc85e8
In file included from /media/sujeet/devmain_74GB/dev/tools/arduino-1.6.7/hardware/esp8266com/esp8266/cores/esp8266/Arduino.h:246:0,
                 from /media/sujeet/devmain_74GB/dev/tools/arduino-1.6.7/hardware/esp8266com/esp8266/cores/esp8266/wiring_private.h:31,
                 from /media/sujeet/devmain_74GB/dev/tools/arduino-1.6.7/hardware/esp8266com/esp8266/variants/wifio/WifioWiring.cpp:22:
/media/sujeet/devmain_74GB/dev/tools/arduino-1.6.7/hardware/esp8266com/esp8266/cores/esp8266/HardwareSerial.h:139:5: warning: identifier 'nullptr' is a keyword in C++11 [-Wc++0x-compat]
     uart_t* _uart = nullptr;
     ^
/media/sujeet/devmain_74GB/dev/tools/arduino-1.6.7/hardware/esp8266com/esp8266/cores/esp8266/HardwareSerial.h:108:23: warning: override controls (override/final) only available with -std=c++11 or -std=gnu++11 [enabled by default]
     int available(void) override;
                       ^
/media/sujeet/devmain_74GB/dev/tools/arduino-1.6.7/hardware/esp8266com/esp8266/cores/esp8266/HardwareSerial.h:109:18: warning: override controls (override/final) only available with -std=c++11 or -std=gnu++11 [enabled by default]
     int peek(void) override;
                  ^
/media/sujeet/devmain_74GB/dev/tools/arduino-1.6.7/hardware/esp8266com/esp8266/cores/esp8266/HardwareSerial.h:110:18: warning: override controls (override/final) only available with -std=c++11 or -std=gnu++11 [enabled by default]
     int read(void) override;
                  ^
/media/sujeet/devmain_74GB/dev/tools/arduino-1.6.7/hardware/esp8266com/esp8266/cores/esp8266/HardwareSerial.h:112:20: warning: override controls (override/final) only available with -std=c++11 or -std=gnu++11 [enabled by default]
     void flush(void) override;
                    ^
/media/sujeet/devmain_74GB/dev/tools/arduino-1.6.7/hardware/esp8266com/esp8266/cores/esp8266/HardwareSerial.h:113:25: warning: override controls (override/final) only available with -std=c++11 or -std=gnu++11 [enabled by default]
     size_t write(uint8_t) override;
                         ^
/media/sujeet/devmain_74GB/dev/tools/arduino-1.6.7/hardware/esp8266com/esp8266/cores/esp8266/HardwareSerial.h:139:21: warning: non-static data member initializers only available with -std=c++11 or -std=gnu++11 [enabled by default]
     uart_t* _uart = nullptr;
                     ^
/media/sujeet/devmain_74GB/dev/tools/arduino-1.6.7/hardware/esp8266com/esp8266/cores/esp8266/HardwareSerial.h:140:23: warning: non-static data member initializers only available with -std=c++11 or -std=gnu++11 [enabled by default]
     int _peek_char = -1;
                       ^
/media/sujeet/devmain_74GB/dev/tools/arduino-1.6.7/hardware/esp8266com/esp8266/cores/esp8266/HardwareSerial.h:139:21: error: 'nullptr' was not declared in this scope
     uart_t* _uart = nullptr;
                     ^
In file included from /media/sujeet/devmain_74GB/dev/tools/arduino-1.6.7/hardware/esp8266com/esp8266/cores/esp8266/wiring_private.h:31:0,
                 from /media/sujeet/devmain_74GB/dev/tools/arduino-1.6.7/hardware/esp8266com/esp8266/variants/wifio/WifioWiring.cpp:22:
/media/sujeet/devmain_74GB/dev/tools/arduino-1.6.7/hardware/esp8266com/esp8266/cores/esp8266/Arduino.h:278:48: error: 'nullptr' was not declared in this scope
     const char* server1, const char* server2 = nullptr, const char* server3 = nullptr);
                                                ^
/media/sujeet/devmain_74GB/dev/tools/arduino-1.6.7/hardware/esp8266com/esp8266/cores/esp8266/Arduino.h:278:79: error: 'nullptr' was not declared in this scope
     const char* server1, const char* server2 = nullptr, const char* server3 = nullptr);
                                                                               ^
/media/sujeet/devmain_74GB/dev/tools/arduino-1.6.7/hardware/esp8266com/esp8266/variants/wifio/WifioWiring.cpp: In function 'void wifio::pinMode(int, int)':
/media/sujeet/devmain_74GB/dev/tools/arduino-1.6.7/hardware/esp8266com/esp8266/variants/wifio/WifioWiring.cpp:30:24: warning: extended initializer lists only available with -std=c++11 or -std=gnu++11 [enabled by default]
         PinModeCommand cmd { MAGIC, CMD_PINMODE, static_cast<uint8_t>(avrPin), static_cast<uint8_t>(mode) };
                        ^
/media/sujeet/devmain_74GB/dev/tools/arduino-1.6.7/hardware/esp8266com/esp8266/variants/wifio/WifioWiring.cpp: In function 'void wifio::digitalWrite(int, int)':
/media/sujeet/devmain_74GB/dev/tools/arduino-1.6.7/hardware/esp8266com/esp8266/variants/wifio/WifioWiring.cpp:35:29: warning: extended initializer lists only available with -std=c++11 or -std=gnu++11 [enabled by default]
         DigitalWriteCommand cmd { MAGIC, CMD_DIGITALWRITE, static_cast<uint8_t>(avrPin), static_cast<uint8_t>(value) };
                             ^
/media/sujeet/devmain_74GB/dev/tools/arduino-1.6.7/hardware/esp8266com/esp8266/variants/wifio/WifioWiring.cpp: In function 'int wifio::digitalRead(int)':
/media/sujeet/devmain_74GB/dev/tools/arduino-1.6.7/hardware/esp8266com/esp8266/variants/wifio/WifioWiring.cpp:40:28: warning: extended initializer lists only available with -std=c++11 or -std=gnu++11 [enabled by default]
         DigitalReadCommand cmd { MAGIC, CMD_DIGITALREAD, static_cast<uint8_t>(avrPin) };
                            ^
/media/sujeet/devmain_74GB/dev/tools/arduino-1.6.7/hardware/esp8266com/esp8266/variants/wifio/WifioWiring.cpp: In function 'void wifio::analogWrite(int, int)':
/media/sujeet/devmain_74GB/dev/tools/arduino-1.6.7/hardware/esp8266com/esp8266/variants/wifio/WifioWiring.cpp:47:28: warning: extended initializer lists only available with -std=c++11 or -std=gnu++11 [enabled by default]
         AnalogWriteCommand cmd { MAGIC, CMD_ANALOGWRITE, static_cast<uint8_t>(value), static_cast<uint8_t>(avrPin) };
                            ^
/media/sujeet/devmain_74GB/dev/tools/arduino-1.6.7/hardware/esp8266com/esp8266/variants/wifio/WifioWiring.cpp: In function 'int wifio::analogRead(int)':
/media/sujeet/devmain_74GB/dev/tools/arduino-1.6.7/hardware/esp8266com/esp8266/variants/wifio/WifioWiring.cpp:52:27: warning: extended initializer lists only available with -std=c++11 or -std=gnu++11 [enabled by default]
         AnalogReadCommand cmd { MAGIC, CMD_ANALOGREAD, static_cast<uint8_t>(avrPin) };
                           ^
/media/sujeet/devmain_74GB/dev/tools/arduino-1.6.7/hardware/esp8266com/esp8266/variants/wifio/WifioWiring.cpp: In function 'void pinMode(uint8_t, uint8_t)':
/media/sujeet/devmain_74GB/dev/tools/arduino-1.6.7/hardware/esp8266com/esp8266/variants/wifio/WifioWiring.cpp:71:14: error: 'ESP_PINS_OFFSET' was not declared in this scope
   if (pin >= ESP_PINS_OFFSET) {    // esp pin
              ^
/media/sujeet/devmain_74GB/dev/tools/arduino-1.6.7/hardware/esp8266com/esp8266/variants/wifio/WifioWiring.cpp: In function 'void digitalWrite(uint8_t, uint8_t)':
/media/sujeet/devmain_74GB/dev/tools/arduino-1.6.7/hardware/esp8266com/esp8266/variants/wifio/WifioWiring.cpp:80:14: error: 'ESP_PINS_OFFSET' was not declared in this scope
   if (pin >= ESP_PINS_OFFSET) {    // esp pin
              ^
/media/sujeet/devmain_74GB/dev/tools/arduino-1.6.7/hardware/esp8266com/esp8266/variants/wifio/WifioWiring.cpp: In function 'int digitalRead(uint8_t)':
/media/sujeet/devmain_74GB/dev/tools/arduino-1.6.7/hardware/esp8266com/esp8266/variants/wifio/WifioWiring.cpp:89:14: error: 'ESP_PINS_OFFSET' was not declared in this scope
   if (pin >= ESP_PINS_OFFSET) {
              ^
/media/sujeet/devmain_74GB/dev/tools/arduino-1.6.7/hardware/esp8266com/esp8266/variants/wifio/WifioWiring.cpp: In function 'int analogRead(uint8_t)':
/media/sujeet/devmain_74GB/dev/tools/arduino-1.6.7/hardware/esp8266com/esp8266/variants/wifio/WifioWiring.cpp:98:14: error: 'ESP_PINS_OFFSET' was not declared in this scope
   if (pin >= ESP_PINS_OFFSET) {
              ^
/media/sujeet/devmain_74GB/dev/tools/arduino-1.6.7/hardware/esp8266com/esp8266/variants/wifio/WifioWiring.cpp: In function 'void analogWrite(uint8_t, int)':
/media/sujeet/devmain_74GB/dev/tools/arduino-1.6.7/hardware/esp8266com/esp8266/variants/wifio/WifioWiring.cpp:107:14: error: 'ESP_PINS_OFFSET' was not declared in this scope
   if (pin >= ESP_PINS_OFFSET) {
              ^
/media/sujeet/devmain_74GB/dev/tools/arduino-1.6.7/hardware/esp8266com/esp8266/variants/wifio/WifioWiring.cpp: In function 'int digitalRead(uint8_t)':
/media/sujeet/devmain_74GB/dev/tools/arduino-1.6.7/hardware/esp8266com/esp8266/variants/wifio/WifioWiring.cpp:95:1: warning: control reaches end of non-void function [-Wreturn-type]
 }
 ^
/media/sujeet/devmain_74GB/dev/tools/arduino-1.6.7/hardware/esp8266com/esp8266/variants/wifio/WifioWiring.cpp: In function 'int analogRead(uint8_t)':
/media/sujeet/devmain_74GB/dev/tools/arduino-1.6.7/hardware/esp8266com/esp8266/variants/wifio/WifioWiring.cpp:104:1: warning: control reaches end of non-void function [-Wreturn-type]
 }
 ^
make: *** [variants/wifio/WifioWiring.o] Error 1
